Using pre-set license

 COMMAND LINE ARGUMENTS:
/Applications/Unity/Hub/Editor/2020.3.11f1/Unity.app/Contents/MacOS/Unity
-adb2
-batchMode
-noUpm
-name
AssetImportWorker0
-projectPath
/Users/kathy/Documents/文件/大四下/互動式電腦繪圖/unity/project_C_LB
-logFile
Logs/AssetImportWorker0.log
-srvPort
54846
Successfully changed project path to: /Users/kathy/Documents/文件/大四下/互動式電腦繪圖/unity/project_C_LB
/Users/kathy/Documents/文件/大四下/互動式電腦繪圖/unity/project_C_LB
Using Asset Import Pipeline V2.
Refreshing native plugins compatible for Editor in 46.47 ms, found 3 plugins.
Preloading 0 native plugins for Editor in 0.00 ms.
Initialize engine version: 2020.3.11f1 (99c7afb366b3)
[Subsystems] Discovering subsystems at path /Applications/Unity/Hub/Editor/2020.3.11f1/Unity.app/Contents/Resources/UnitySubsystems
[Subsystems] Discovering subsystems at path /Users/kathy/Documents/文件/大四下/互動式電腦繪圖/unity/project_C_LB/Assets
GfxDevice: creating device client; threaded=0
2021-07-09 23:51:02.706 Unity[17277:12344498] Color LCD preferred device: Intel(R) Iris(TM) Plus Graphics 645 (low power)
2021-07-09 23:51:02.706 Unity[17277:12344498] Metal devices available: 1
2021-07-09 23:51:02.706 Unity[17277:12344498] 0: Intel(R) Iris(TM) Plus Graphics 645 (low power)
2021-07-09 23:51:02.706 Unity[17277:12344498] Using device Intel(R) Iris(TM) Plus Graphics 645 (low power)
Initializing Metal device caps: Intel(R) Iris(TM) Plus Graphics 645
Initialize mono
Mono path[0] = '/Applications/Unity/Hub/Editor/2020.3.11f1/Unity.app/Contents/Managed'
Mono path[1] = '/Applications/Unity/Hub/Editor/2020.3.11f1/Unity.app/Contents/MonoBleedingEdge/lib/mono/unityjit'
Mono config path = '/Applications/Unity/Hub/Editor/2020.3.11f1/Unity.app/Contents/MonoBleedingEdge/etc'
Using monoOptions --debugger-agent=transport=dt_socket,embedding=1,server=y,suspend=n,address=127.0.0.1:56277
Begin MonoManager ReloadAssembly
Registering precompiled unity dll's ...
Register platform support module: /Applications/Unity/Hub/Editor/2020.3.11f1/PlaybackEngines/WebGLSupport/UnityEditor.WebGL.Extensions.dll
Register platform support module: /Applications/Unity/Hub/Editor/2020.3.11f1/Unity.app/Contents/PlaybackEngines/MacStandaloneSupport/UnityEditor.OSXStandalone.Extensions.dll
Registered in 0.000677 seconds.
Native extension for OSXStandalone target not found
Native extension for WebGL target not found
Refreshing native plugins compatible for Editor in 50.17 ms, found 3 plugins.
Preloading 0 native plugins for Editor in 0.00 ms.
Mono: successfully reloaded assembly
- Completed reload, in  3.464 seconds
Platform modules already initialized, skipping
Registering precompiled user dll's ...
Registered in 0.004074 seconds.
Begin MonoManager ReloadAssembly
Native extension for OSXStandalone target not found
Native extension for WebGL target not found
Refreshing native plugins compatible for Editor in 49.58 ms, found 3 plugins.
Preloading 0 native plugins for Editor in 0.00 ms.
Mono: successfully reloaded assembly
- Completed reload, in  1.681 seconds
Platform modules already initialized, skipping
========================================================================
Worker process is ready to serve import requests
Launching external process: /Applications/Unity/Hub/Editor/2020.3.11f1/Unity.app/Contents/Tools/UnityShaderCompiler
Launched and connected shader compiler UnityShaderCompiler after 0.02 seconds
Refreshing native plugins compatible for Editor in 0.51 ms, found 3 plugins.
Preloading 0 native plugins for Editor in 0.00 ms.
Unloading 2228 Unused Serialized files (Serialized files now loaded: 0)
System memory in use before: 190.5 MB.
System memory in use after: 190.6 MB.

Unloading 29 unused Assets to reduce memory usage. Loaded Objects now: 2671.
Total: 3.389571 ms (FindLiveObjects: 0.244329 ms CreateObjectMapping: 0.101796 ms MarkObjects: 2.960876 ms  DeleteObjects: 0.081250 ms)

========================================================================
Received Import Request.
  path: Assets/Scenes/test_scene.unity
  artifactKey: Guid(43648795164284185b582806c5750cdf) Importer(815301076,1909f56bfc062723c751e8b465ee728b)
Start importing Assets/Scenes/test_scene.unity using Guid(43648795164284185b582806c5750cdf) Importer(815301076,1909f56bfc062723c751e8b465ee728b)  -> (artifact id: 'b55e2908310cf1115dce99775ca81250') in 0.013267 seconds
  Import took 0.017968 seconds .

========================================================================
Received Import Request.
  Time since last request: 32.761756 seconds.
  path: Assets/Scenes/test_scene.unity
  artifactKey: Guid(43648795164284185b582806c5750cdf) Importer(815301076,1909f56bfc062723c751e8b465ee728b)
Start importing Assets/Scenes/test_scene.unity using Guid(43648795164284185b582806c5750cdf) Importer(815301076,1909f56bfc062723c751e8b465ee728b)  -> (artifact id: '1fc155345361da91b2644e8557c8596f') in 0.002175 seconds
  Import took 0.008182 seconds .

========================================================================
Received Prepare
Registering precompiled user dll's ...
Registered in 0.003657 seconds.
Begin MonoManager ReloadAssembly
Native extension for OSXStandalone target not found
Native extension for WebGL target not found
Refreshing native plugins compatible for Editor in 0.55 ms, found 3 plugins.
Preloading 0 native plugins for Editor in 0.00 ms.
Mono: successfully reloaded assembly
- Completed reload, in  1.658 seconds
Platform modules already initialized, skipping
Refreshing native plugins compatible for Editor in 0.52 ms, found 3 plugins.
Preloading 0 native plugins for Editor in 0.00 ms.
Unloading 2217 Unused Serialized files (Serialized files now loaded: 0)
System memory in use before: 190.3 MB.
System memory in use after: 190.4 MB.

Unloading 18 unused Assets to reduce memory usage. Loaded Objects now: 2675.
Total: 2.762973 ms (FindLiveObjects: 0.324961 ms CreateObjectMapping: 0.111385 ms MarkObjects: 2.302819 ms  DeleteObjects: 0.022352 ms)

========================================================================
Received Prepare
Registering precompiled user dll's ...
Registered in 0.003755 seconds.
Begin MonoManager ReloadAssembly
Native extension for OSXStandalone target not found
Native extension for WebGL target not found
Refreshing native plugins compatible for Editor in 0.65 ms, found 3 plugins.
Preloading 0 native plugins for Editor in 0.00 ms.
Mono: successfully reloaded assembly
- Completed reload, in  1.581 seconds
Platform modules already initialized, skipping
Refreshing native plugins compatible for Editor in 0.55 ms, found 3 plugins.
Preloading 0 native plugins for Editor in 0.00 ms.
Unloading 2217 Unused Serialized files (Serialized files now loaded: 0)
System memory in use before: 190.6 MB.
System memory in use after: 190.7 MB.

Unloading 18 unused Assets to reduce memory usage. Loaded Objects now: 2679.
Total: 2.429935 ms (FindLiveObjects: 0.310634 ms CreateObjectMapping: 0.109578 ms MarkObjects: 1.990998 ms  DeleteObjects: 0.017929 ms)

========================================================================
Received Import Request.
  Time since last request: 108.946209 seconds.
  path: Assets/Scenes/test_scene.unity
  artifactKey: Guid(43648795164284185b582806c5750cdf) Importer(815301076,1909f56bfc062723c751e8b465ee728b)
Start importing Assets/Scenes/test_scene.unity using Guid(43648795164284185b582806c5750cdf) Importer(815301076,1909f56bfc062723c751e8b465ee728b)  -> (artifact id: 'dcf1b773d4bf41c840c250e234e0ad34') in 0.016137 seconds
  Import took 0.023870 seconds .

========================================================================
Received Import Request.
  Time since last request: 0.009463 seconds.
  path: Assets/Scenes/test_scene.unity
  artifactKey: Guid(43648795164284185b582806c5750cdf) Importer(815301076,1909f56bfc062723c751e8b465ee728b)
Start importing Assets/Scenes/test_scene.unity using Guid(43648795164284185b582806c5750cdf) Importer(815301076,1909f56bfc062723c751e8b465ee728b)  -> (artifact id: 'dcf1b773d4bf41c840c250e234e0ad34') in 0.001693 seconds
  Import took 0.006069 seconds .

========================================================================
Received Prepare
Registering precompiled user dll's ...
Registered in 0.003345 seconds.
Begin MonoManager ReloadAssembly
Native extension for OSXStandalone target not found
Native extension for WebGL target not found
Refreshing native plugins compatible for Editor in 0.83 ms, found 3 plugins.
Preloading 0 native plugins for Editor in 0.00 ms.
Mono: successfully reloaded assembly
- Completed reload, in  1.881 seconds
Platform modules already initialized, skipping
Refreshing native plugins compatible for Editor in 0.55 ms, found 3 plugins.
Preloading 0 native plugins for Editor in 0.00 ms.
Unloading 2217 Unused Serialized files (Serialized files now loaded: 0)
System memory in use before: 191.0 MB.
System memory in use after: 191.1 MB.

Unloading 18 unused Assets to reduce memory usage. Loaded Objects now: 2683.
Total: 3.429693 ms (FindLiveObjects: 0.309510 ms CreateObjectMapping: 0.134764 ms MarkObjects: 2.961384 ms  DeleteObjects: 0.022345 ms)

========================================================================
Received Import Request.
  Time since last request: 90.870538 seconds.
  path: Assets/Scripts/test_Hero.cs
  artifactKey: Guid(9b561e409e9754f45b20b35081d60d85) Importer(815301076,1909f56bfc062723c751e8b465ee728b)
Start importing Assets/Scripts/test_Hero.cs using Guid(9b561e409e9754f45b20b35081d60d85) Importer(815301076,1909f56bfc062723c751e8b465ee728b)  -> (artifact id: '83c0b93e61f88b1a0d003edde45b303b') in 0.986670 seconds
  Import took 0.992343 seconds .

========================================================================
Received Prepare
Registering precompiled user dll's ...
Registered in 0.005786 seconds.
Begin MonoManager ReloadAssembly
Native extension for OSXStandalone target not found
Native extension for WebGL target not found
Refreshing native plugins compatible for Editor in 0.68 ms, found 3 plugins.
Preloading 0 native plugins for Editor in 0.00 ms.
Mono: successfully reloaded assembly
- Completed reload, in  1.828 seconds
Platform modules already initialized, skipping
Refreshing native plugins compatible for Editor in 0.66 ms, found 3 plugins.
Preloading 0 native plugins for Editor in 0.00 ms.
Unloading 2218 Unused Serialized files (Serialized files now loaded: 0)
System memory in use before: 195.6 MB.
System memory in use after: 195.7 MB.

Unloading 18 unused Assets to reduce memory usage. Loaded Objects now: 2688.
Total: 2.812886 ms (FindLiveObjects: 0.255907 ms CreateObjectMapping: 0.092392 ms MarkObjects: 2.433217 ms  DeleteObjects: 0.030091 ms)

========================================================================
Received Import Request.
  Time since last request: 59.998632 seconds.
  path: Assets/Scripts/test_Hero.cs
  artifactKey: Guid(9b561e409e9754f45b20b35081d60d85) Importer(815301076,1909f56bfc062723c751e8b465ee728b)
Start importing Assets/Scripts/test_Hero.cs using Guid(9b561e409e9754f45b20b35081d60d85) Importer(815301076,1909f56bfc062723c751e8b465ee728b)  -> (artifact id: '2d9fd7e99808346559a498a90ade3ccd') in 0.050208 seconds
  Import took 0.060362 seconds .

========================================================================
Received Prepare
Registering precompiled user dll's ...
Registered in 0.004060 seconds.
Begin MonoManager ReloadAssembly
Native extension for OSXStandalone target not found
Native extension for WebGL target not found
Refreshing native plugins compatible for Editor in 0.70 ms, found 3 plugins.
Preloading 0 native plugins for Editor in 0.00 ms.
Mono: successfully reloaded assembly
- Completed reload, in  1.803 seconds
Platform modules already initialized, skipping
Refreshing native plugins compatible for Editor in 0.55 ms, found 3 plugins.
Preloading 0 native plugins for Editor in 0.00 ms.
Unloading 2218 Unused Serialized files (Serialized files now loaded: 0)
System memory in use before: 195.8 MB.
System memory in use after: 196.0 MB.

Unloading 18 unused Assets to reduce memory usage. Loaded Objects now: 2692.
Total: 2.388483 ms (FindLiveObjects: 0.242815 ms CreateObjectMapping: 0.090022 ms MarkObjects: 2.037394 ms  DeleteObjects: 0.017187 ms)

========================================================================
Received Import Request.
  Time since last request: 1545.189985 seconds.
  path: Assets/Scripts/test_Hero.cs
  artifactKey: Guid(9b561e409e9754f45b20b35081d60d85) Importer(815301076,1909f56bfc062723c751e8b465ee728b)
Start importing Assets/Scripts/test_Hero.cs using Guid(9b561e409e9754f45b20b35081d60d85) Importer(815301076,1909f56bfc062723c751e8b465ee728b)  -> (artifact id: '34453cf09042f433c22f7ab452ca6faf') in 0.082457 seconds
  Import took 0.112993 seconds .

========================================================================
Received Prepare
Registering precompiled user dll's ...
Registered in 0.004326 seconds.
Begin MonoManager ReloadAssembly
Native extension for OSXStandalone target not found
Native extension for WebGL target not found
Refreshing native plugins compatible for Editor in 0.53 ms, found 3 plugins.
Preloading 0 native plugins for Editor in 0.00 ms.
Mono: successfully reloaded assembly
- Completed reload, in  1.604 seconds
Platform modules already initialized, skipping
Refreshing native plugins compatible for Editor in 0.44 ms, found 3 plugins.
Preloading 0 native plugins for Editor in 0.00 ms.
Unloading 2218 Unused Serialized files (Serialized files now loaded: 0)
System memory in use before: 196.1 MB.
System memory in use after: 196.2 MB.

Unloading 18 unused Assets to reduce memory usage. Loaded Objects now: 2696.
Total: 2.285564 ms (FindLiveObjects: 0.277464 ms CreateObjectMapping: 0.089704 ms MarkObjects: 1.901077 ms  DeleteObjects: 0.016405 ms)

========================================================================
Received Prepare
Registering precompiled user dll's ...
Registered in 0.005281 seconds.
Begin MonoManager ReloadAssembly
Native extension for OSXStandalone target not found
Native extension for WebGL target not found
Refreshing native plugins compatible for Editor in 1.02 ms, found 3 plugins.
Preloading 0 native plugins for Editor in 0.00 ms.
Mono: successfully reloaded assembly
- Completed reload, in  2.306 seconds
Platform modules already initialized, skipping
Refreshing native plugins compatible for Editor in 0.55 ms, found 3 plugins.
Preloading 0 native plugins for Editor in 0.00 ms.
Unloading 2218 Unused Serialized files (Serialized files now loaded: 0)
System memory in use before: 196.3 MB.
System memory in use after: 196.4 MB.

Unloading 18 unused Assets to reduce memory usage. Loaded Objects now: 2700.
Total: 3.075444 ms (FindLiveObjects: 0.227656 ms CreateObjectMapping: 0.098417 ms MarkObjects: 2.724808 ms  DeleteObjects: 0.023192 ms)

========================================================================
Received Import Request.
  Time since last request: 2617.845394 seconds.
  path: Assets/Scripts/test_Hero.cs
  artifactKey: Guid(9b561e409e9754f45b20b35081d60d85) Importer(815301076,1909f56bfc062723c751e8b465ee728b)
Start importing Assets/Scripts/test_Hero.cs using Guid(9b561e409e9754f45b20b35081d60d85) Importer(815301076,1909f56bfc062723c751e8b465ee728b)  -> (artifact id: '5e32d00fc65abcde2e735177d2d195bc') in 0.067282 seconds
  Import took 0.092140 seconds .

========================================================================
Received Prepare
Registering precompiled user dll's ...
Registered in 0.004734 seconds.
Begin MonoManager ReloadAssembly
Native extension for OSXStandalone target not found
Native extension for WebGL target not found
Refreshing native plugins compatible for Editor in 0.53 ms, found 3 plugins.
Preloading 0 native plugins for Editor in 0.00 ms.
Mono: successfully reloaded assembly
- Completed reload, in  1.577 seconds
Platform modules already initialized, skipping
Refreshing native plugins compatible for Editor in 0.45 ms, found 3 plugins.
Preloading 0 native plugins for Editor in 0.00 ms.
Unloading 2218 Unused Serialized files (Serialized files now loaded: 0)
System memory in use before: 196.7 MB.
System memory in use after: 196.8 MB.

Unloading 18 unused Assets to reduce memory usage. Loaded Objects now: 2704.
Total: 2.446275 ms (FindLiveObjects: 0.282437 ms CreateObjectMapping: 0.075558 ms MarkObjects: 2.070664 ms  DeleteObjects: 0.016234 ms)

========================================================================
Received Import Request.
  Time since last request: 70.544225 seconds.
  path: Assets/Scripts/test_Hero.cs
  artifactKey: Guid(9b561e409e9754f45b20b35081d60d85) Importer(815301076,1909f56bfc062723c751e8b465ee728b)
Start importing Assets/Scripts/test_Hero.cs using Guid(9b561e409e9754f45b20b35081d60d85) Importer(815301076,1909f56bfc062723c751e8b465ee728b)  -> (artifact id: '4077cd861f5ebb8a577306f857177909') in 0.006669 seconds
  Import took 0.011549 seconds .

========================================================================
Received Import Request.
  Time since last request: 191.018315 seconds.
  path: Assets/Scripts/test_Hero.cs
  artifactKey: Guid(9b561e409e9754f45b20b35081d60d85) Importer(815301076,1909f56bfc062723c751e8b465ee728b)
Start importing Assets/Scripts/test_Hero.cs using Guid(9b561e409e9754f45b20b35081d60d85) Importer(815301076,1909f56bfc062723c751e8b465ee728b)  -> (artifact id: '2664391047fcd373b8c291eb9457bfa7') in 0.001742 seconds
  Import took 0.007803 seconds .

========================================================================
Received Prepare
Registering precompiled user dll's ...
Registered in 0.004247 seconds.
Begin MonoManager ReloadAssembly
Native extension for OSXStandalone target not found
Native extension for WebGL target not found
Refreshing native plugins compatible for Editor in 0.52 ms, found 3 plugins.
Preloading 0 native plugins for Editor in 0.00 ms.
Mono: successfully reloaded assembly
- Completed reload, in  1.439 seconds
Platform modules already initialized, skipping
Refreshing native plugins compatible for Editor in 0.50 ms, found 3 plugins.
Preloading 0 native plugins for Editor in 0.00 ms.
Unloading 2218 Unused Serialized files (Serialized files now loaded: 0)
System memory in use before: 196.9 MB.
System memory in use after: 197.0 MB.

Unloading 18 unused Assets to reduce memory usage. Loaded Objects now: 2708.
Total: 2.774140 ms (FindLiveObjects: 0.226993 ms CreateObjectMapping: 0.075296 ms MarkObjects: 2.450147 ms  DeleteObjects: 0.020411 ms)

========================================================================
Received Prepare
Registering precompiled user dll's ...
Registered in 0.004684 seconds.
Begin MonoManager ReloadAssembly
Native extension for OSXStandalone target not found
Native extension for WebGL target not found
Refreshing native plugins compatible for Editor in 0.88 ms, found 3 plugins.
Preloading 0 native plugins for Editor in 0.00 ms.
Mono: successfully reloaded assembly
- Completed reload, in  1.743 seconds
Platform modules already initialized, skipping
Refreshing native plugins compatible for Editor in 0.69 ms, found 3 plugins.
Preloading 0 native plugins for Editor in 0.00 ms.
Unloading 2218 Unused Serialized files (Serialized files now loaded: 0)
System memory in use before: 197.3 MB.
System memory in use after: 197.4 MB.

Unloading 18 unused Assets to reduce memory usage. Loaded Objects now: 2712.
Total: 3.160985 ms (FindLiveObjects: 0.337640 ms CreateObjectMapping: 0.159373 ms MarkObjects: 2.641635 ms  DeleteObjects: 0.020760 ms)

========================================================================
Received Prepare
Registering precompiled user dll's ...
Registered in 0.003141 seconds.
Begin MonoManager ReloadAssembly
Native extension for OSXStandalone target not found
Native extension for WebGL target not found
Refreshing native plugins compatible for Editor in 0.57 ms, found 3 plugins.
Preloading 0 native plugins for Editor in 0.00 ms.
Mono: successfully reloaded assembly
- Completed reload, in  1.601 seconds
Platform modules already initialized, skipping
Refreshing native plugins compatible for Editor in 0.56 ms, found 3 plugins.
Preloading 0 native plugins for Editor in 0.00 ms.
Unloading 2218 Unused Serialized files (Serialized files now loaded: 0)
System memory in use before: 197.5 MB.
System memory in use after: 197.6 MB.

Unloading 18 unused Assets to reduce memory usage. Loaded Objects now: 2716.
Total: 2.959195 ms (FindLiveObjects: 0.283325 ms CreateObjectMapping: 0.159812 ms MarkObjects: 2.494548 ms  DeleteObjects: 0.020068 ms)

========================================================================
Received Prepare
Registering precompiled user dll's ...
Registered in 0.005196 seconds.
Begin MonoManager ReloadAssembly
Native extension for OSXStandalone target not found
Native extension for WebGL target not found
Refreshing native plugins compatible for Editor in 0.55 ms, found 3 plugins.
Preloading 0 native plugins for Editor in 0.00 ms.
Mono: successfully reloaded assembly
- Completed reload, in  1.799 seconds
Platform modules already initialized, skipping
Refreshing native plugins compatible for Editor in 0.77 ms, found 3 plugins.
Preloading 0 native plugins for Editor in 0.00 ms.
Unloading 2218 Unused Serialized files (Serialized files now loaded: 0)
System memory in use before: 197.7 MB.
System memory in use after: 197.9 MB.

Unloading 18 unused Assets to reduce memory usage. Loaded Objects now: 2720.
Total: 8.081414 ms (FindLiveObjects: 1.328570 ms CreateObjectMapping: 0.192067 ms MarkObjects: 6.534124 ms  DeleteObjects: 0.025076 ms)

========================================================================
Received Prepare
Registering precompiled user dll's ...
Registered in 0.004530 seconds.
Begin MonoManager ReloadAssembly
Native extension for OSXStandalone target not found
Native extension for WebGL target not found
Refreshing native plugins compatible for Editor in 0.57 ms, found 3 plugins.
Preloading 0 native plugins for Editor in 0.00 ms.
Mono: successfully reloaded assembly
- Completed reload, in  1.624 seconds
Platform modules already initialized, skipping
Refreshing native plugins compatible for Editor in 0.50 ms, found 3 plugins.
Preloading 0 native plugins for Editor in 0.00 ms.
Unloading 2218 Unused Serialized files (Serialized files now loaded: 0)
System memory in use before: 198.0 MB.
System memory in use after: 198.2 MB.

Unloading 18 unused Assets to reduce memory usage. Loaded Objects now: 2724.
Total: 3.065796 ms (FindLiveObjects: 0.361620 ms CreateObjectMapping: 0.158971 ms MarkObjects: 2.522588 ms  DeleteObjects: 0.021397 ms)

========================================================================
Received Prepare
Registering precompiled user dll's ...
Registered in 0.003404 seconds.
Begin MonoManager ReloadAssembly
Native extension for OSXStandalone target not found
Native extension for WebGL target not found
Refreshing native plugins compatible for Editor in 0.58 ms, found 3 plugins.
Preloading 0 native plugins for Editor in 0.00 ms.
Mono: successfully reloaded assembly
- Completed reload, in  1.841 seconds
Platform modules already initialized, skipping
Refreshing native plugins compatible for Editor in 0.56 ms, found 3 plugins.
Preloading 0 native plugins for Editor in 0.00 ms.
Unloading 2218 Unused Serialized files (Serialized files now loaded: 0)
System memory in use before: 198.2 MB.
System memory in use after: 198.4 MB.

Unloading 18 unused Assets to reduce memory usage. Loaded Objects now: 2728.
Total: 3.674505 ms (FindLiveObjects: 0.372702 ms CreateObjectMapping: 0.207729 ms MarkObjects: 3.067185 ms  DeleteObjects: 0.025276 ms)

========================================================================
Received Prepare
Registering precompiled user dll's ...
Registered in 0.003840 seconds.
Begin MonoManager ReloadAssembly
Native extension for OSXStandalone target not found
Native extension for WebGL target not found
Refreshing native plugins compatible for Editor in 0.52 ms, found 3 plugins.
Preloading 0 native plugins for Editor in 0.00 ms.
Mono: successfully reloaded assembly
- Completed reload, in  1.375 seconds
Platform modules already initialized, skipping
Refreshing native plugins compatible for Editor in 0.58 ms, found 3 plugins.
Preloading 0 native plugins for Editor in 0.00 ms.
Unloading 2218 Unused Serialized files (Serialized files now loaded: 0)
System memory in use before: 198.5 MB.
System memory in use after: 198.7 MB.

Unloading 18 unused Assets to reduce memory usage. Loaded Objects now: 2732.
Total: 2.541579 ms (FindLiveObjects: 0.271323 ms CreateObjectMapping: 0.077323 ms MarkObjects: 2.174913 ms  DeleteObjects: 0.016956 ms)

========================================================================
Received Prepare
Registering precompiled user dll's ...
Registered in 0.004285 seconds.
Begin MonoManager ReloadAssembly
Native extension for OSXStandalone target not found
Native extension for WebGL target not found
Refreshing native plugins compatible for Editor in 0.74 ms, found 3 plugins.
Preloading 0 native plugins for Editor in 0.00 ms.
Mono: successfully reloaded assembly
- Completed reload, in  1.673 seconds
Platform modules already initialized, skipping
Refreshing native plugins compatible for Editor in 0.67 ms, found 3 plugins.
Preloading 0 native plugins for Editor in 0.00 ms.
Unloading 2218 Unused Serialized files (Serialized files now loaded: 0)
System memory in use before: 198.7 MB.
System memory in use after: 199.0 MB.

Unloading 18 unused Assets to reduce memory usage. Loaded Objects now: 2736.
Total: 2.757362 ms (FindLiveObjects: 0.251335 ms CreateObjectMapping: 0.099045 ms MarkObjects: 2.369118 ms  DeleteObjects: 0.036559 ms)

========================================================================
Received Prepare
Registering precompiled user dll's ...
Registered in 0.004538 seconds.
Begin MonoManager ReloadAssembly
Native extension for OSXStandalone target not found
Native extension for WebGL target not found
Refreshing native plugins compatible for Editor in 0.61 ms, found 3 plugins.
Preloading 0 native plugins for Editor in 0.00 ms.
Mono: successfully reloaded assembly
- Completed reload, in  1.574 seconds
Platform modules already initialized, skipping
Refreshing native plugins compatible for Editor in 0.44 ms, found 3 plugins.
Preloading 0 native plugins for Editor in 0.00 ms.
Unloading 2218 Unused Serialized files (Serialized files now loaded: 0)
System memory in use before: 199.1 MB.
System memory in use after: 199.3 MB.

Unloading 18 unused Assets to reduce memory usage. Loaded Objects now: 2740.
Total: 2.542532 ms (FindLiveObjects: 0.301586 ms CreateObjectMapping: 0.103108 ms MarkObjects: 2.103866 ms  DeleteObjects: 0.033158 ms)

========================================================================
Received Prepare
Registering precompiled user dll's ...
Registered in 0.004373 seconds.
Begin MonoManager ReloadAssembly
Native extension for OSXStandalone target not found
Native extension for WebGL target not found
Refreshing native plugins compatible for Editor in 0.60 ms, found 3 plugins.
Preloading 0 native plugins for Editor in 0.00 ms.
Mono: successfully reloaded assembly
- Completed reload, in  1.347 seconds
Platform modules already initialized, skipping
Refreshing native plugins compatible for Editor in 0.60 ms, found 3 plugins.
Preloading 0 native plugins for Editor in 0.00 ms.
Unloading 2218 Unused Serialized files (Serialized files now loaded: 0)
System memory in use before: 199.3 MB.
System memory in use after: 199.6 MB.

Unloading 18 unused Assets to reduce memory usage. Loaded Objects now: 2744.
Total: 2.622590 ms (FindLiveObjects: 0.303048 ms CreateObjectMapping: 0.107033 ms MarkObjects: 2.192421 ms  DeleteObjects: 0.018877 ms)

========================================================================
Received Prepare
Registering precompiled user dll's ...
Registered in 0.002739 seconds.
Begin MonoManager ReloadAssembly
Native extension for OSXStandalone target not found
Native extension for WebGL target not found
Refreshing native plugins compatible for Editor in 0.54 ms, found 3 plugins.
Preloading 0 native plugins for Editor in 0.00 ms.
Mono: successfully reloaded assembly
- Completed reload, in  2.144 seconds
Platform modules already initialized, skipping
Refreshing native plugins compatible for Editor in 0.57 ms, found 3 plugins.
Preloading 0 native plugins for Editor in 0.00 ms.
Unloading 2218 Unused Serialized files (Serialized files now loaded: 0)
System memory in use before: 199.6 MB.
System memory in use after: 199.8 MB.

Unloading 18 unused Assets to reduce memory usage. Loaded Objects now: 2748.
Total: 4.186689 ms (FindLiveObjects: 0.395750 ms CreateObjectMapping: 0.141949 ms MarkObjects: 3.622709 ms  DeleteObjects: 0.024369 ms)

========================================================================
Received Prepare
Registering precompiled user dll's ...
Registered in 0.003842 seconds.
Begin MonoManager ReloadAssembly
Native extension for OSXStandalone target not found
Native extension for WebGL target not found
Refreshing native plugins compatible for Editor in 0.55 ms, found 3 plugins.
Preloading 0 native plugins for Editor in 0.00 ms.
Mono: successfully reloaded assembly
- Completed reload, in  1.375 seconds
Platform modules already initialized, skipping
Refreshing native plugins compatible for Editor in 0.51 ms, found 3 plugins.
Preloading 0 native plugins for Editor in 0.00 ms.
Unloading 2218 Unused Serialized files (Serialized files now loaded: 0)
System memory in use before: 200.0 MB.
System memory in use after: 200.2 MB.

Unloading 18 unused Assets to reduce memory usage. Loaded Objects now: 2752.
Total: 2.409315 ms (FindLiveObjects: 0.264910 ms CreateObjectMapping: 0.092644 ms MarkObjects: 2.033164 ms  DeleteObjects: 0.017805 ms)

========================================================================
Received Prepare
Registering precompiled user dll's ...
Registered in 0.001958 seconds.
Begin MonoManager ReloadAssembly
Native extension for OSXStandalone target not found
Native extension for WebGL target not found
Refreshing native plugins compatible for Editor in 0.96 ms, found 3 plugins.
Preloading 0 native plugins for Editor in 0.00 ms.
Mono: successfully reloaded assembly
- Completed reload, in  2.202 seconds
Platform modules already initialized, skipping
Refreshing native plugins compatible for Editor in 0.76 ms, found 3 plugins.
Preloading 0 native plugins for Editor in 0.00 ms.
Unloading 2218 Unused Serialized files (Serialized files now loaded: 0)
System memory in use before: 200.1 MB.
System memory in use after: 200.3 MB.

Unloading 18 unused Assets to reduce memory usage. Loaded Objects now: 2756.
Total: 3.558620 ms (FindLiveObjects: 0.464229 ms CreateObjectMapping: 0.232894 ms MarkObjects: 2.826714 ms  DeleteObjects: 0.033035 ms)

========================================================================
Received Prepare
Registering precompiled user dll's ...
Registered in 0.003362 seconds.
Begin MonoManager ReloadAssembly
Native extension for OSXStandalone target not found
Native extension for WebGL target not found
Refreshing native plugins compatible for Editor in 0.56 ms, found 3 plugins.
Preloading 0 native plugins for Editor in 0.00 ms.
Mono: successfully reloaded assembly
- Completed reload, in  1.362 seconds
Platform modules already initialized, skipping
Refreshing native plugins compatible for Editor in 0.56 ms, found 3 plugins.
Preloading 0 native plugins for Editor in 0.00 ms.
Unloading 2218 Unused Serialized files (Serialized files now loaded: 0)
System memory in use before: 200.5 MB.
System memory in use after: 200.7 MB.

Unloading 18 unused Assets to reduce memory usage. Loaded Objects now: 2760.
Total: 2.689640 ms (FindLiveObjects: 0.280194 ms CreateObjectMapping: 0.091510 ms MarkObjects: 2.296156 ms  DeleteObjects: 0.020520 ms)

========================================================================
Received Prepare
Registering precompiled user dll's ...
Registered in 0.002213 seconds.
Begin MonoManager ReloadAssembly
Native extension for OSXStandalone target not found
Native extension for WebGL target not found
Refreshing native plugins compatible for Editor in 0.59 ms, found 3 plugins.
Preloading 0 native plugins for Editor in 0.00 ms.
Mono: successfully reloaded assembly
- Completed reload, in  1.852 seconds
Platform modules already initialized, skipping
Refreshing native plugins compatible for Editor in 0.67 ms, found 3 plugins.
Preloading 0 native plugins for Editor in 0.00 ms.
Unloading 2218 Unused Serialized files (Serialized files now loaded: 0)
System memory in use before: 200.7 MB.
System memory in use after: 200.9 MB.

Unloading 18 unused Assets to reduce memory usage. Loaded Objects now: 2764.
Total: 3.641019 ms (FindLiveObjects: 0.403443 ms CreateObjectMapping: 0.226085 ms MarkObjects: 2.974029 ms  DeleteObjects: 0.035286 ms)

========================================================================
Received Prepare
Registering precompiled user dll's ...
Registered in 0.004325 seconds.
Begin MonoManager ReloadAssembly
Native extension for OSXStandalone target not found
Native extension for WebGL target not found
Refreshing native plugins compatible for Editor in 0.58 ms, found 3 plugins.
Preloading 0 native plugins for Editor in 0.00 ms.
Mono: successfully reloaded assembly
- Completed reload, in  1.791 seconds
Platform modules already initialized, skipping
Refreshing native plugins compatible for Editor in 0.73 ms, found 3 plugins.
Preloading 0 native plugins for Editor in 0.00 ms.
Unloading 2218 Unused Serialized files (Serialized files now loaded: 0)
System memory in use before: 201.0 MB.
System memory in use after: 201.2 MB.

Unloading 18 unused Assets to reduce memory usage. Loaded Objects now: 2768.
Total: 2.654287 ms (FindLiveObjects: 0.285358 ms CreateObjectMapping: 0.111499 ms MarkObjects: 2.236666 ms  DeleteObjects: 0.019749 ms)

========================================================================
Received Prepare
Registering precompiled user dll's ...
Registered in 0.003910 seconds.
Begin MonoManager ReloadAssembly
Native extension for OSXStandalone target not found
Native extension for WebGL target not found
Refreshing native plugins compatible for Editor in 0.58 ms, found 3 plugins.
Preloading 0 native plugins for Editor in 0.00 ms.
Mono: successfully reloaded assembly
- Completed reload, in  1.519 seconds
Platform modules already initialized, skipping
Refreshing native plugins compatible for Editor in 0.66 ms, found 3 plugins.
Preloading 0 native plugins for Editor in 0.00 ms.
Unloading 2218 Unused Serialized files (Serialized files now loaded: 0)
System memory in use before: 201.2 MB.
System memory in use after: 201.4 MB.

Unloading 18 unused Assets to reduce memory usage. Loaded Objects now: 2772.
Total: 2.771676 ms (FindLiveObjects: 0.304105 ms CreateObjectMapping: 0.109562 ms MarkObjects: 2.339072 ms  DeleteObjects: 0.017582 ms)

========================================================================
Received Prepare
Registering precompiled user dll's ...
Registered in 0.004568 seconds.
Begin MonoManager ReloadAssembly
Native extension for OSXStandalone target not found
Native extension for WebGL target not found
Refreshing native plugins compatible for Editor in 0.78 ms, found 3 plugins.
Preloading 0 native plugins for Editor in 0.00 ms.
Mono: successfully reloaded assembly
- Completed reload, in  2.368 seconds
Platform modules already initialized, skipping
Refreshing native plugins compatible for Editor in 0.57 ms, found 3 plugins.
Preloading 0 native plugins for Editor in 0.00 ms.
Unloading 2218 Unused Serialized files (Serialized files now loaded: 0)
System memory in use before: 201.4 MB.
System memory in use after: 201.6 MB.

Unloading 18 unused Assets to reduce memory usage. Loaded Objects now: 2776.
Total: 5.042878 ms (FindLiveObjects: 0.512507 ms CreateObjectMapping: 0.259652 ms MarkObjects: 4.201029 ms  DeleteObjects: 0.054632 ms)

========================================================================
Received Prepare
Registering precompiled user dll's ...
Registered in 0.004450 seconds.
Begin MonoManager ReloadAssembly
Native extension for OSXStandalone target not found
Native extension for WebGL target not found
Refreshing native plugins compatible for Editor in 0.68 ms, found 3 plugins.
Preloading 0 native plugins for Editor in 0.00 ms.
Mono: successfully reloaded assembly
- Completed reload, in  2.232 seconds
Platform modules already initialized, skipping
Refreshing native plugins compatible for Editor in 0.96 ms, found 3 plugins.
Preloading 0 native plugins for Editor in 0.00 ms.
Unloading 2218 Unused Serialized files (Serialized files now loaded: 0)
System memory in use before: 201.7 MB.
System memory in use after: 202.0 MB.

Unloading 18 unused Assets to reduce memory usage. Loaded Objects now: 2780.
Total: 4.104009 ms (FindLiveObjects: 0.453969 ms CreateObjectMapping: 0.194779 ms MarkObjects: 3.345556 ms  DeleteObjects: 0.105064 ms)

========================================================================
Received Import Request.
  Time since last request: 24488.538012 seconds.
  path: Assets/Scripts/Bullet.cs
  artifactKey: Guid(a2a5400f2f8174cdebc6c059e8f32795) Importer(815301076,1909f56bfc062723c751e8b465ee728b)
Start importing Assets/Scripts/Bullet.cs using Guid(a2a5400f2f8174cdebc6c059e8f32795) Importer(815301076,1909f56bfc062723c751e8b465ee728b)  -> (artifact id: '81e544ad859b45719981a9bc8845b106') in 0.198955 seconds
  Import took 0.423459 seconds .

========================================================================
Received Import Request.
  Time since last request: 0.010418 seconds.
  path: Assets/Scripts/Bullet.cs
  artifactKey: Guid(a2a5400f2f8174cdebc6c059e8f32795) Importer(815301076,1909f56bfc062723c751e8b465ee728b)
Start importing Assets/Scripts/Bullet.cs using Guid(a2a5400f2f8174cdebc6c059e8f32795) Importer(815301076,1909f56bfc062723c751e8b465ee728b)  -> (artifact id: '81e544ad859b45719981a9bc8845b106') in 0.001522 seconds
  Import took 0.005143 seconds .

========================================================================
Received Prepare
Registering precompiled user dll's ...
Registered in 0.004729 seconds.
Begin MonoManager ReloadAssembly
Native extension for OSXStandalone target not found
Native extension for WebGL target not found
Refreshing native plugins compatible for Editor in 0.61 ms, found 3 plugins.
Preloading 0 native plugins for Editor in 0.00 ms.
Mono: successfully reloaded assembly
- Completed reload, in  1.566 seconds
Platform modules already initialized, skipping
Refreshing native plugins compatible for Editor in 0.50 ms, found 3 plugins.
Preloading 0 native plugins for Editor in 0.00 ms.
Unloading 2218 Unused Serialized files (Serialized files now loaded: 0)
System memory in use before: 202.0 MB.
System memory in use after: 202.2 MB.

Unloading 18 unused Assets to reduce memory usage. Loaded Objects now: 2784.
Total: 2.520533 ms (FindLiveObjects: 0.305023 ms CreateObjectMapping: 0.086102 ms MarkObjects: 2.112717 ms  DeleteObjects: 0.015743 ms)

========================================================================
Received Prepare
Registering precompiled user dll's ...
Registered in 0.004696 seconds.
Begin MonoManager ReloadAssembly
Native extension for OSXStandalone target not found
Native extension for WebGL target not found
Refreshing native plugins compatible for Editor in 0.90 ms, found 3 plugins.
Preloading 0 native plugins for Editor in 0.00 ms.
Mono: successfully reloaded assembly
- Completed reload, in  2.639 seconds
Platform modules already initialized, skipping
Refreshing native plugins compatible for Editor in 0.65 ms, found 3 plugins.
Preloading 0 native plugins for Editor in 0.00 ms.
Unloading 2218 Unused Serialized files (Serialized files now loaded: 0)
System memory in use before: 202.3 MB.
System memory in use after: 202.5 MB.

Unloading 18 unused Assets to reduce memory usage. Loaded Objects now: 2788.
Total: 4.484481 ms (FindLiveObjects: 0.638863 ms CreateObjectMapping: 0.200908 ms MarkObjects: 3.611154 ms  DeleteObjects: 0.031434 ms)

========================================================================
Received Import Request.
  Time since last request: 433.099461 seconds.
  path: Assets/Scripts/Bullet.cs
  artifactKey: Guid(a2a5400f2f8174cdebc6c059e8f32795) Importer(815301076,1909f56bfc062723c751e8b465ee728b)
Start importing Assets/Scripts/Bullet.cs using Guid(a2a5400f2f8174cdebc6c059e8f32795) Importer(815301076,1909f56bfc062723c751e8b465ee728b)  -> (artifact id: '2481759cc2d5360119798ccdd8edcb38') in 0.106103 seconds
  Import took 0.175286 seconds .

========================================================================
Received Import Request.
  Time since last request: 0.057606 seconds.
  path: Assets/Scripts/Bullet.cs
  artifactKey: Guid(a2a5400f2f8174cdebc6c059e8f32795) Importer(815301076,1909f56bfc062723c751e8b465ee728b)
Start importing Assets/Scripts/Bullet.cs using Guid(a2a5400f2f8174cdebc6c059e8f32795) Importer(815301076,1909f56bfc062723c751e8b465ee728b)  -> (artifact id: '2481759cc2d5360119798ccdd8edcb38') in 0.001823 seconds
  Import took 0.006556 seconds .

========================================================================
Received Prepare
Registering precompiled user dll's ...
Registered in 0.002944 seconds.
Begin MonoManager ReloadAssembly
Native extension for OSXStandalone target not found
Native extension for WebGL target not found
Refreshing native plugins compatible for Editor in 0.58 ms, found 3 plugins.
Preloading 0 native plugins for Editor in 0.00 ms.
Mono: successfully reloaded assembly
- Completed reload, in  1.515 seconds
Platform modules already initialized, skipping
Refreshing native plugins compatible for Editor in 0.60 ms, found 3 plugins.
Preloading 0 native plugins for Editor in 0.00 ms.
Unloading 2218 Unused Serialized files (Serialized files now loaded: 0)
System memory in use before: 202.5 MB.
System memory in use after: 202.8 MB.

Unloading 18 unused Assets to reduce memory usage. Loaded Objects now: 2792.
Total: 2.898673 ms (FindLiveObjects: 0.382648 ms CreateObjectMapping: 0.126117 ms MarkObjects: 2.355289 ms  DeleteObjects: 0.033796 ms)

========================================================================
Received Prepare
Registering precompiled user dll's ...
Registered in 0.003477 seconds.
Begin MonoManager ReloadAssembly
Native extension for OSXStandalone target not found
Native extension for WebGL target not found
Refreshing native plugins compatible for Editor in 0.55 ms, found 3 plugins.
Preloading 0 native plugins for Editor in 0.00 ms.
Mono: successfully reloaded assembly
- Completed reload, in  2.639 seconds
Platform modules already initialized, skipping
Refreshing native plugins compatible for Editor in 0.71 ms, found 3 plugins.
Preloading 0 native plugins for Editor in 0.00 ms.
Unloading 2218 Unused Serialized files (Serialized files now loaded: 0)
System memory in use before: 202.7 MB.
System memory in use after: 202.9 MB.

Unloading 18 unused Assets to reduce memory usage. Loaded Objects now: 2796.
Total: 4.312558 ms (FindLiveObjects: 0.274346 ms CreateObjectMapping: 0.145565 ms MarkObjects: 3.866157 ms  DeleteObjects: 0.024847 ms)

========================================================================
Received Import Request.
  Time since last request: 100.508553 seconds.
  path: Assets/Scripts/Bullet.cs
  artifactKey: Guid(a2a5400f2f8174cdebc6c059e8f32795) Importer(815301076,1909f56bfc062723c751e8b465ee728b)
Start importing Assets/Scripts/Bullet.cs using Guid(a2a5400f2f8174cdebc6c059e8f32795) Importer(815301076,1909f56bfc062723c751e8b465ee728b)  -> (artifact id: 'dcae467fb2da12b0f32043c23ef10195') in 0.006157 seconds
  Import took 0.011482 seconds .

========================================================================
Received Prepare
Registering precompiled user dll's ...
Registered in 0.003805 seconds.
Begin MonoManager ReloadAssembly
Native extension for OSXStandalone target not found
Native extension for WebGL target not found
Refreshing native plugins compatible for Editor in 0.52 ms, found 3 plugins.
Preloading 0 native plugins for Editor in 0.00 ms.
Mono: successfully reloaded assembly
- Completed reload, in  1.538 seconds
Platform modules already initialized, skipping
Refreshing native plugins compatible for Editor in 0.52 ms, found 3 plugins.
Preloading 0 native plugins for Editor in 0.00 ms.
Unloading 2218 Unused Serialized files (Serialized files now loaded: 0)
System memory in use before: 203.0 MB.
System memory in use after: 203.2 MB.

Unloading 18 unused Assets to reduce memory usage. Loaded Objects now: 2800.
Total: 2.684216 ms (FindLiveObjects: 0.222487 ms CreateObjectMapping: 0.086877 ms MarkObjects: 2.352143 ms  DeleteObjects: 0.021479 ms)

========================================================================
Received Prepare
Registering precompiled user dll's ...
Registered in 0.005849 seconds.
Begin MonoManager ReloadAssembly
Native extension for OSXStandalone target not found
Native extension for WebGL target not found
Refreshing native plugins compatible for Editor in 0.61 ms, found 3 plugins.
Preloading 0 native plugins for Editor in 0.00 ms.
Mono: successfully reloaded assembly
- Completed reload, in  1.391 seconds
Platform modules already initialized, skipping
Refreshing native plugins compatible for Editor in 0.59 ms, found 3 plugins.
Preloading 0 native plugins for Editor in 0.00 ms.
Unloading 2218 Unused Serialized files (Serialized files now loaded: 0)
System memory in use before: 203.2 MB.
System memory in use after: 203.5 MB.

Unloading 18 unused Assets to reduce memory usage. Loaded Objects now: 2804.
Total: 2.420197 ms (FindLiveObjects: 0.256257 ms CreateObjectMapping: 0.091785 ms MarkObjects: 2.054518 ms  DeleteObjects: 0.016796 ms)

========================================================================
Received Prepare
Registering precompiled user dll's ...
Registered in 0.001866 seconds.
Begin MonoManager ReloadAssembly
Native extension for OSXStandalone target not found
Native extension for WebGL target not found
Refreshing native plugins compatible for Editor in 0.54 ms, found 3 plugins.
Preloading 0 native plugins for Editor in 0.00 ms.
Mono: successfully reloaded assembly
- Completed reload, in  1.371 seconds
Platform modules already initialized, skipping
Refreshing native plugins compatible for Editor in 0.43 ms, found 3 plugins.
Preloading 0 native plugins for Editor in 0.00 ms.
Unloading 2218 Unused Serialized files (Serialized files now loaded: 0)
System memory in use before: 203.5 MB.
System memory in use after: 203.7 MB.

Unloading 18 unused Assets to reduce memory usage. Loaded Objects now: 2808.
Total: 2.391098 ms (FindLiveObjects: 0.228265 ms CreateObjectMapping: 0.072609 ms MarkObjects: 2.074589 ms  DeleteObjects: 0.014658 ms)

========================================================================
Received Prepare
Registering precompiled user dll's ...
Registered in 0.005082 seconds.
Begin MonoManager ReloadAssembly
Native extension for OSXStandalone target not found
Native extension for WebGL target not found
Refreshing native plugins compatible for Editor in 0.78 ms, found 3 plugins.
Preloading 0 native plugins for Editor in 0.00 ms.
Mono: successfully reloaded assembly
- Completed reload, in  2.500 seconds
Platform modules already initialized, skipping
Refreshing native plugins compatible for Editor in 0.69 ms, found 3 plugins.
Preloading 0 native plugins for Editor in 0.00 ms.
Unloading 2218 Unused Serialized files (Serialized files now loaded: 0)
System memory in use before: 203.9 MB.
System memory in use after: 204.1 MB.

Unloading 18 unused Assets to reduce memory usage. Loaded Objects now: 2812.
Total: 4.210171 ms (FindLiveObjects: 0.580800 ms CreateObjectMapping: 0.311802 ms MarkObjects: 3.287621 ms  DeleteObjects: 0.028649 ms)

========================================================================
Received Import Request.
  Time since last request: 130.992297 seconds.
  path: Assets/Scripts/Bullet.cs
  artifactKey: Guid(a2a5400f2f8174cdebc6c059e8f32795) Importer(815301076,1909f56bfc062723c751e8b465ee728b)
Start importing Assets/Scripts/Bullet.cs using Guid(a2a5400f2f8174cdebc6c059e8f32795) Importer(815301076,1909f56bfc062723c751e8b465ee728b)  -> (artifact id: '7ad3f46e3ef224e5c8fdc40357f93242') in 0.012663 seconds
  Import took 0.018039 seconds .

========================================================================
Received Prepare
Registering precompiled user dll's ...
Registered in 0.003269 seconds.
Begin MonoManager ReloadAssembly
Native extension for OSXStandalone target not found
Native extension for WebGL target not found
Refreshing native plugins compatible for Editor in 0.59 ms, found 3 plugins.
Preloading 0 native plugins for Editor in 0.00 ms.
Mono: successfully reloaded assembly
- Completed reload, in  1.392 seconds
Platform modules already initialized, skipping
Refreshing native plugins compatible for Editor in 0.55 ms, found 3 plugins.
Preloading 0 native plugins for Editor in 0.00 ms.
Unloading 2218 Unused Serialized files (Serialized files now loaded: 0)
System memory in use before: 204.1 MB.
System memory in use after: 204.3 MB.

Unloading 18 unused Assets to reduce memory usage. Loaded Objects now: 2816.
Total: 2.999424 ms (FindLiveObjects: 0.363756 ms CreateObjectMapping: 0.141708 ms MarkObjects: 2.471003 ms  DeleteObjects: 0.022079 ms)

========================================================================
Received Prepare
Registering precompiled user dll's ...
Registered in 0.005294 seconds.
Begin MonoManager ReloadAssembly
Native extension for OSXStandalone target not found
Native extension for WebGL target not found
Refreshing native plugins compatible for Editor in 0.55 ms, found 3 plugins.
Preloading 0 native plugins for Editor in 0.00 ms.
Mono: successfully reloaded assembly
- Completed reload, in  2.345 seconds
Platform modules already initialized, skipping
Refreshing native plugins compatible for Editor in 0.58 ms, found 3 plugins.
Preloading 0 native plugins for Editor in 0.00 ms.
Unloading 2218 Unused Serialized files (Serialized files now loaded: 0)
System memory in use before: 204.4 MB.
System memory in use after: 204.6 MB.

Unloading 18 unused Assets to reduce memory usage. Loaded Objects now: 2820.
Total: 3.108500 ms (FindLiveObjects: 0.272572 ms CreateObjectMapping: 0.115154 ms MarkObjects: 2.697194 ms  DeleteObjects: 0.022060 ms)

========================================================================
Received Import Request.
  Time since last request: 33.452078 seconds.
  path: Assets/Scripts/Bullet.cs
  artifactKey: Guid(a2a5400f2f8174cdebc6c059e8f32795) Importer(815301076,1909f56bfc062723c751e8b465ee728b)
Start importing Assets/Scripts/Bullet.cs using Guid(a2a5400f2f8174cdebc6c059e8f32795) Importer(815301076,1909f56bfc062723c751e8b465ee728b)  -> (artifact id: '8901400dc26f631f5a6f8b07ac37eb43') in 0.012516 seconds
  Import took 0.018039 seconds .

========================================================================
Received Prepare
Registering precompiled user dll's ...
Registered in 0.003820 seconds.
Begin MonoManager ReloadAssembly
Native extension for OSXStandalone target not found
Native extension for WebGL target not found
Refreshing native plugins compatible for Editor in 0.51 ms, found 3 plugins.
Preloading 0 native plugins for Editor in 0.00 ms.
Mono: successfully reloaded assembly
- Completed reload, in  1.570 seconds
Platform modules already initialized, skipping
Refreshing native plugins compatible for Editor in 0.62 ms, found 3 plugins.
Preloading 0 native plugins for Editor in 0.00 ms.
Unloading 2218 Unused Serialized files (Serialized files now loaded: 0)
System memory in use before: 204.5 MB.
System memory in use after: 204.8 MB.

Unloading 18 unused Assets to reduce memory usage. Loaded Objects now: 2824.
Total: 3.215105 ms (FindLiveObjects: 0.466640 ms CreateObjectMapping: 0.122585 ms MarkObjects: 2.586664 ms  DeleteObjects: 0.021211 ms)

========================================================================
Received Prepare
Registering precompiled user dll's ...
Registered in 0.005160 seconds.
Begin MonoManager ReloadAssembly
Native extension for OSXStandalone target not found
Native extension for WebGL target not found
Refreshing native plugins compatible for Editor in 0.61 ms, found 3 plugins.
Preloading 0 native plugins for Editor in 0.00 ms.
Mono: successfully reloaded assembly
- Completed reload, in  1.519 seconds
Platform modules already initialized, skipping
Refreshing native plugins compatible for Editor in 0.63 ms, found 3 plugins.
Preloading 0 native plugins for Editor in 0.00 ms.
Unloading 2218 Unused Serialized files (Serialized files now loaded: 0)
System memory in use before: 204.8 MB.
System memory in use after: 205.0 MB.

Unloading 18 unused Assets to reduce memory usage. Loaded Objects now: 2828.
Total: 2.853921 ms (FindLiveObjects: 0.309182 ms CreateObjectMapping: 0.101292 ms MarkObjects: 2.421355 ms  DeleteObjects: 0.020754 ms)

========================================================================
Received Import Request.
  Time since last request: 12.037385 seconds.
  path: Assets/Scripts/Bullet.cs
  artifactKey: Guid(a2a5400f2f8174cdebc6c059e8f32795) Importer(815301076,1909f56bfc062723c751e8b465ee728b)
Start importing Assets/Scripts/Bullet.cs using Guid(a2a5400f2f8174cdebc6c059e8f32795) Importer(815301076,1909f56bfc062723c751e8b465ee728b)  -> (artifact id: 'cc3ebf3e51e7420affa922b6834a3557') in 0.005652 seconds
  Import took 0.010601 seconds .

========================================================================
Received Prepare
Registering precompiled user dll's ...
Registered in 0.002289 seconds.
Begin MonoManager ReloadAssembly
Native extension for OSXStandalone target not found
Native extension for WebGL target not found
Refreshing native plugins compatible for Editor in 0.78 ms, found 3 plugins.
Preloading 0 native plugins for Editor in 0.00 ms.
Mono: successfully reloaded assembly
- Completed reload, in  2.364 seconds
Platform modules already initialized, skipping
Refreshing native plugins compatible for Editor in 0.68 ms, found 3 plugins.
Preloading 0 native plugins for Editor in 0.00 ms.
Unloading 2218 Unused Serialized files (Serialized files now loaded: 0)
System memory in use before: 205.1 MB.
System memory in use after: 205.3 MB.

Unloading 18 unused Assets to reduce memory usage. Loaded Objects now: 2832.
Total: 4.732271 ms (FindLiveObjects: 0.578979 ms CreateObjectMapping: 0.300627 ms MarkObjects: 3.824696 ms  DeleteObjects: 0.026089 ms)

========================================================================
Received Import Request.
  Time since last request: 41.234286 seconds.
  path: Assets/Scripts/Bullet.cs
  artifactKey: Guid(a2a5400f2f8174cdebc6c059e8f32795) Importer(815301076,1909f56bfc062723c751e8b465ee728b)
Start importing Assets/Scripts/Bullet.cs using Guid(a2a5400f2f8174cdebc6c059e8f32795) Importer(815301076,1909f56bfc062723c751e8b465ee728b)  -> (artifact id: '612e1d261bf19d6b0120d6328ac0a079') in 0.006339 seconds
  Import took 0.012303 seconds .

========================================================================
Received Prepare
Registering precompiled user dll's ...
Registered in 0.003274 seconds.
Begin MonoManager ReloadAssembly
Native extension for OSXStandalone target not found
Native extension for WebGL target not found
Refreshing native plugins compatible for Editor in 0.51 ms, found 3 plugins.
Preloading 0 native plugins for Editor in 0.00 ms.
Mono: successfully reloaded assembly
- Completed reload, in  1.478 seconds
Platform modules already initialized, skipping
Refreshing native plugins compatible for Editor in 0.62 ms, found 3 plugins.
Preloading 0 native plugins for Editor in 0.00 ms.
Unloading 2218 Unused Serialized files (Serialized files now loaded: 0)
System memory in use before: 205.4 MB.
System memory in use after: 205.6 MB.

Unloading 18 unused Assets to reduce memory usage. Loaded Objects now: 2836.
Total: 2.924039 ms (FindLiveObjects: 0.336490 ms CreateObjectMapping: 0.122835 ms MarkObjects: 2.443642 ms  DeleteObjects: 0.019662 ms)

========================================================================
Received Prepare
Registering precompiled user dll's ...
Registered in 0.002246 seconds.
Begin MonoManager ReloadAssembly
Native extension for OSXStandalone target not found
Native extension for WebGL target not found
Refreshing native plugins compatible for Editor in 0.78 ms, found 3 plugins.
Preloading 0 native plugins for Editor in 0.00 ms.
Mono: successfully reloaded assembly
- Completed reload, in  2.124 seconds
Platform modules already initialized, skipping
Refreshing native plugins compatible for Editor in 0.68 ms, found 3 plugins.
Preloading 0 native plugins for Editor in 0.00 ms.
Unloading 2218 Unused Serialized files (Serialized files now loaded: 0)
System memory in use before: 205.6 MB.
System memory in use after: 205.9 MB.

Unloading 18 unused Assets to reduce memory usage. Loaded Objects now: 2840.
Total: 4.288552 ms (FindLiveObjects: 0.467076 ms CreateObjectMapping: 0.224860 ms MarkObjects: 3.567309 ms  DeleteObjects: 0.027759 ms)

========================================================================
Received Import Request.
  Time since last request: 1612.349524 seconds.
  path: Assets/Scripts/Bullet.cs
  artifactKey: Guid(a2a5400f2f8174cdebc6c059e8f32795) Importer(815301076,1909f56bfc062723c751e8b465ee728b)
Start importing Assets/Scripts/Bullet.cs using Guid(a2a5400f2f8174cdebc6c059e8f32795) Importer(815301076,1909f56bfc062723c751e8b465ee728b)  -> (artifact id: '0f8b07a938ccfadeb5ac517b98c7e387') in 0.088233 seconds
  Import took 0.144873 seconds .

========================================================================
Received Prepare
Registering precompiled user dll's ...
Registered in 0.004408 seconds.
Begin MonoManager ReloadAssembly
Native extension for OSXStandalone target not found
Native extension for WebGL target not found
Refreshing native plugins compatible for Editor in 0.58 ms, found 3 plugins.
Preloading 0 native plugins for Editor in 0.00 ms.
Mono: successfully reloaded assembly
- Completed reload, in  1.516 seconds
Platform modules already initialized, skipping
Refreshing native plugins compatible for Editor in 0.49 ms, found 3 plugins.
Preloading 0 native plugins for Editor in 0.00 ms.
Unloading 2218 Unused Serialized files (Serialized files now loaded: 0)
System memory in use before: 205.8 MB.
System memory in use after: 206.0 MB.

Unloading 18 unused Assets to reduce memory usage. Loaded Objects now: 2844.
Total: 3.055926 ms (FindLiveObjects: 0.564907 ms CreateObjectMapping: 0.217530 ms MarkObjects: 2.240572 ms  DeleteObjects: 0.030808 ms)

========================================================================
Received Prepare
Registering precompiled user dll's ...
Registered in 0.005820 seconds.
Begin MonoManager ReloadAssembly
Native extension for OSXStandalone target not found
Native extension for WebGL target not found
Refreshing native plugins compatible for Editor in 1.01 ms, found 3 plugins.
Preloading 0 native plugins for Editor in 0.00 ms.
Mono: successfully reloaded assembly
- Completed reload, in  2.596 seconds
Platform modules already initialized, skipping
Refreshing native plugins compatible for Editor in 0.75 ms, found 3 plugins.
Preloading 0 native plugins for Editor in 0.00 ms.
Unloading 2218 Unused Serialized files (Serialized files now loaded: 0)
System memory in use before: 206.1 MB.
System memory in use after: 206.3 MB.

Unloading 18 unused Assets to reduce memory usage. Loaded Objects now: 2848.
Total: 3.297218 ms (FindLiveObjects: 0.409646 ms CreateObjectMapping: 0.091215 ms MarkObjects: 2.774258 ms  DeleteObjects: 0.020557 ms)

========================================================================
Received Import Request.
  Time since last request: 131.516598 seconds.
  path: Assets/Scripts/Bullet.cs
  artifactKey: Guid(a2a5400f2f8174cdebc6c059e8f32795) Importer(815301076,1909f56bfc062723c751e8b465ee728b)
Start importing Assets/Scripts/Bullet.cs using Guid(a2a5400f2f8174cdebc6c059e8f32795) Importer(815301076,1909f56bfc062723c751e8b465ee728b)  -> (artifact id: 'd4e4fafd67290306aa749002cc22b6e2') in 0.006291 seconds
  Import took 0.011666 seconds .

========================================================================
Received Prepare
Registering precompiled user dll's ...
Registered in 0.003368 seconds.
Begin MonoManager ReloadAssembly
Native extension for OSXStandalone target not found
Native extension for WebGL target not found
Refreshing native plugins compatible for Editor in 0.59 ms, found 3 plugins.
Preloading 0 native plugins for Editor in 0.00 ms.
Mono: successfully reloaded assembly
- Completed reload, in  1.390 seconds
Platform modules already initialized, skipping
Refreshing native plugins compatible for Editor in 0.51 ms, found 3 plugins.
Preloading 0 native plugins for Editor in 0.00 ms.
Unloading 2218 Unused Serialized files (Serialized files now loaded: 0)
System memory in use before: 206.3 MB.
System memory in use after: 206.5 MB.

Unloading 18 unused Assets to reduce memory usage. Loaded Objects now: 2852.
Total: 3.071588 ms (FindLiveObjects: 0.272947 ms CreateObjectMapping: 0.093096 ms MarkObjects: 2.677811 ms  DeleteObjects: 0.026359 ms)

========================================================================
Received Prepare
Registering precompiled user dll's ...
Registered in 0.005284 seconds.
Begin MonoManager ReloadAssembly
Native extension for OSXStandalone target not found
Native extension for WebGL target not found
Refreshing native plugins compatible for Editor in 0.69 ms, found 3 plugins.
Preloading 0 native plugins for Editor in 0.00 ms.
Mono: successfully reloaded assembly
- Completed reload, in  2.412 seconds
Platform modules already initialized, skipping
Refreshing native plugins compatible for Editor in 0.65 ms, found 3 plugins.
Preloading 0 native plugins for Editor in 0.00 ms.
Unloading 2218 Unused Serialized files (Serialized files now loaded: 0)
System memory in use before: 206.6 MB.
System memory in use after: 206.9 MB.

Unloading 18 unused Assets to reduce memory usage. Loaded Objects now: 2856.
Total: 3.076522 ms (FindLiveObjects: 0.282322 ms CreateObjectMapping: 0.116677 ms MarkObjects: 2.654062 ms  DeleteObjects: 0.022329 ms)

========================================================================
Received Import Request.
  Time since last request: 48.048795 seconds.
  path: Assets/Scripts/Bullet.cs
  artifactKey: Guid(a2a5400f2f8174cdebc6c059e8f32795) Importer(815301076,1909f56bfc062723c751e8b465ee728b)
Start importing Assets/Scripts/Bullet.cs using Guid(a2a5400f2f8174cdebc6c059e8f32795) Importer(815301076,1909f56bfc062723c751e8b465ee728b)  -> (artifact id: '894edfbcf34a480e706a8e9574a9b762') in 0.005117 seconds
  Import took 0.009314 seconds .

========================================================================
Received Prepare
Registering precompiled user dll's ...
Registered in 0.003305 seconds.
Begin MonoManager ReloadAssembly
Native extension for OSXStandalone target not found
Native extension for WebGL target not found
Refreshing native plugins compatible for Editor in 0.60 ms, found 3 plugins.
Preloading 0 native plugins for Editor in 0.00 ms.
Mono: successfully reloaded assembly
- Completed reload, in  1.408 seconds
Platform modules already initialized, skipping
Refreshing native plugins compatible for Editor in 0.61 ms, found 3 plugins.
Preloading 0 native plugins for Editor in 0.00 ms.
Unloading 2218 Unused Serialized files (Serialized files now loaded: 0)
System memory in use before: 206.9 MB.
System memory in use after: 207.1 MB.

Unloading 18 unused Assets to reduce memory usage. Loaded Objects now: 2860.
Total: 2.856291 ms (FindLiveObjects: 0.343001 ms CreateObjectMapping: 0.114908 ms MarkObjects: 2.379471 ms  DeleteObjects: 0.018043 ms)

========================================================================
Received Prepare
Registering precompiled user dll's ...
Registered in 0.004100 seconds.
Begin MonoManager ReloadAssembly
Native extension for OSXStandalone target not found
Native extension for WebGL target not found
Refreshing native plugins compatible for Editor in 0.91 ms, found 3 plugins.
Preloading 0 native plugins for Editor in 0.00 ms.
Mono: successfully reloaded assembly
- Completed reload, in  2.410 seconds
Platform modules already initialized, skipping
Refreshing native plugins compatible for Editor in 0.75 ms, found 3 plugins.
Preloading 0 native plugins for Editor in 0.00 ms.
Unloading 2218 Unused Serialized files (Serialized files now loaded: 0)
System memory in use before: 207.1 MB.
System memory in use after: 207.4 MB.

Unloading 18 unused Assets to reduce memory usage. Loaded Objects now: 2864.
Total: 4.997071 ms (FindLiveObjects: 0.419559 ms CreateObjectMapping: 0.254376 ms MarkObjects: 4.297946 ms  DeleteObjects: 0.024011 ms)

========================================================================
Received Import Request.
  Time since last request: 64.659805 seconds.
  path: Assets/Scripts/Bullet.cs
  artifactKey: Guid(a2a5400f2f8174cdebc6c059e8f32795) Importer(815301076,1909f56bfc062723c751e8b465ee728b)
Start importing Assets/Scripts/Bullet.cs using Guid(a2a5400f2f8174cdebc6c059e8f32795) Importer(815301076,1909f56bfc062723c751e8b465ee728b)  -> (artifact id: '4554df4d1ecbc8891a97a3b809f3daf1') in 0.008079 seconds
  Import took 0.012909 seconds .

========================================================================
Received Prepare
Registering precompiled user dll's ...
Registered in 0.003680 seconds.
Begin MonoManager ReloadAssembly
Native extension for OSXStandalone target not found
Native extension for WebGL target not found
Refreshing native plugins compatible for Editor in 0.57 ms, found 3 plugins.
Preloading 0 native plugins for Editor in 0.00 ms.
Mono: successfully reloaded assembly
- Completed reload, in  1.382 seconds
Platform modules already initialized, skipping
Refreshing native plugins compatible for Editor in 0.59 ms, found 3 plugins.
Preloading 0 native plugins for Editor in 0.00 ms.
Unloading 2218 Unused Serialized files (Serialized files now loaded: 0)
System memory in use before: 207.3 MB.
System memory in use after: 207.5 MB.

Unloading 18 unused Assets to reduce memory usage. Loaded Objects now: 2868.
Total: 2.812738 ms (FindLiveObjects: 0.318452 ms CreateObjectMapping: 0.113647 ms MarkObjects: 2.360994 ms  DeleteObjects: 0.018677 ms)

========================================================================
Received Prepare
Registering precompiled user dll's ...
Registered in 0.001847 seconds.
Begin MonoManager ReloadAssembly
Native extension for OSXStandalone target not found
Native extension for WebGL target not found
Refreshing native plugins compatible for Editor in 0.84 ms, found 3 plugins.
Preloading 0 native plugins for Editor in 0.00 ms.
Mono: successfully reloaded assembly
- Completed reload, in  2.538 seconds
Platform modules already initialized, skipping
Refreshing native plugins compatible for Editor in 0.46 ms, found 3 plugins.
Preloading 0 native plugins for Editor in 0.00 ms.
Unloading 2218 Unused Serialized files (Serialized files now loaded: 0)
System memory in use before: 207.6 MB.
System memory in use after: 207.8 MB.

Unloading 18 unused Assets to reduce memory usage. Loaded Objects now: 2872.
Total: 4.126711 ms (FindLiveObjects: 0.430110 ms CreateObjectMapping: 0.185677 ms MarkObjects: 3.470997 ms  DeleteObjects: 0.037490 ms)

========================================================================
Received Import Request.
  Time since last request: 65.658825 seconds.
  path: Assets/Scripts/Bullet.cs
  artifactKey: Guid(a2a5400f2f8174cdebc6c059e8f32795) Importer(815301076,1909f56bfc062723c751e8b465ee728b)
Start importing Assets/Scripts/Bullet.cs using Guid(a2a5400f2f8174cdebc6c059e8f32795) Importer(815301076,1909f56bfc062723c751e8b465ee728b)  -> (artifact id: '137ca58dc4057f2d6f90fa70c78750b5') in 0.008378 seconds
  Import took 0.017363 seconds .

========================================================================
Received Prepare
Registering precompiled user dll's ...
Registered in 0.004419 seconds.
Begin MonoManager ReloadAssembly
Native extension for OSXStandalone target not found
Native extension for WebGL target not found
Refreshing native plugins compatible for Editor in 0.66 ms, found 3 plugins.
Preloading 0 native plugins for Editor in 0.00 ms.
Mono: successfully reloaded assembly
- Completed reload, in  1.702 seconds
Platform modules already initialized, skipping
Refreshing native plugins compatible for Editor in 0.66 ms, found 3 plugins.
Preloading 0 native plugins for Editor in 0.00 ms.
Unloading 2218 Unused Serialized files (Serialized files now loaded: 0)
System memory in use before: 207.8 MB.
System memory in use after: 208.0 MB.

Unloading 18 unused Assets to reduce memory usage. Loaded Objects now: 2876.
Total: 3.271391 ms (FindLiveObjects: 0.345128 ms CreateObjectMapping: 0.118100 ms MarkObjects: 2.785043 ms  DeleteObjects: 0.021972 ms)

========================================================================
Received Prepare
Registering precompiled user dll's ...
Registered in 0.004831 seconds.
Begin MonoManager ReloadAssembly
Native extension for OSXStandalone target not found
Native extension for WebGL target not found
Refreshing native plugins compatible for Editor in 0.65 ms, found 3 plugins.
Preloading 0 native plugins for Editor in 0.00 ms.
Mono: successfully reloaded assembly
- Completed reload, in  2.229 seconds
Platform modules already initialized, skipping
Refreshing native plugins compatible for Editor in 0.67 ms, found 3 plugins.
Preloading 0 native plugins for Editor in 0.00 ms.
Unloading 2218 Unused Serialized files (Serialized files now loaded: 0)
System memory in use before: 208.1 MB.
System memory in use after: 208.3 MB.

Unloading 18 unused Assets to reduce memory usage. Loaded Objects now: 2880.
Total: 3.996298 ms (FindLiveObjects: 0.402704 ms CreateObjectMapping: 0.209115 ms MarkObjects: 3.350309 ms  DeleteObjects: 0.031802 ms)

========================================================================
Received Prepare
Registering precompiled user dll's ...
Registered in 0.004974 seconds.
Begin MonoManager ReloadAssembly
Native extension for OSXStandalone target not found
Native extension for WebGL target not found
Refreshing native plugins compatible for Editor in 0.84 ms, found 3 plugins.
Preloading 0 native plugins for Editor in 0.00 ms.
Mono: successfully reloaded assembly
- Completed reload, in  2.633 seconds
Platform modules already initialized, skipping
Refreshing native plugins compatible for Editor in 0.84 ms, found 3 plugins.
Preloading 0 native plugins for Editor in 0.00 ms.
Unloading 2218 Unused Serialized files (Serialized files now loaded: 0)
System memory in use before: 208.4 MB.
System memory in use after: 208.6 MB.

Unloading 18 unused Assets to reduce memory usage. Loaded Objects now: 2884.
Total: 4.823721 ms (FindLiveObjects: 0.460167 ms CreateObjectMapping: 0.258132 ms MarkObjects: 4.077985 ms  DeleteObjects: 0.025436 ms)

